<?xml version="1.0" encoding="UTF-8"?>
<testsuites>
    <testsuite name="force.apex" timestamp="2023-11-28T15:12:07.000Z" hostname="https://nosoftware-page-7723-dev-ed.scratch.my.salesforce.com" tests="11" failures="0"  errors="0"  time="4.63">
        <properties>
            <property name="outcome" value="Successful"/>
            <property name="testsRan" value="11"/>
            <property name="passing" value="11"/>
            <property name="failing" value="0"/>
            <property name="skipped" value="0"/>
            <property name="passRate" value="100%"/>
            <property name="failRate" value="0%"/>
            <property name="testStartTime" value="Tue Nov 28 2023 7:12:07 AM"/>
            <property name="testExecutionTime" value="4.63 s"/>
            <property name="testTotalTime" value="4.63 s"/>
            <property name="commandTime" value="0.30 s"/>
            <property name="hostname" value="https://nosoftware-page-7723-dev-ed.scratch.my.salesforce.com"/>
            <property name="orgId" value="00D7Z0000005MeOUAU"/>
            <property name="username" value="test-vj7ha04kcnfc@example.com"/>
            <property name="testRunId" value="7077Z00005lkGY4"/>
            <property name="userId" value="0057Z00000E9wQKQAZ"/>
            <property name="coveredLines" value="133"/>
            <property name="testRunCoverage" value="99%"/>
            <property name="orgWideCoverage" value="92%"/>
        </properties>
        <testcase name="blankAddress" classname="GeocodingServiceTest" time="0.03">
        </testcase>
        <testcase name="errorResponse" classname="GeocodingServiceTest" time="0.01">
        </testcase>
        <testcase name="successResponse" classname="GeocodingServiceTest" time="0.01">
        </testcase>
        <testcase name="testGetPagedPropertyList" classname="TestPropertyController" time="1.93">
        </testcase>
        <testcase name="testGetPicturesNoResults" classname="TestPropertyController" time="0.06">
        </testcase>
        <testcase name="testGetPicturesWithResults" classname="TestPropertyController" time="0.58">
        </testcase>
        <testcase name="importSampleData" classname="TestSampleDataController" time="0.75">
        </testcase>
        <testcase name="createFileFailsWhenIncorrectBase64Data" classname="FileUtilitiesTest" time="0.37">
        </testcase>
        <testcase name="createFileFailsWhenIncorrectFilename" classname="FileUtilitiesTest" time="0.08">
        </testcase>
        <testcase name="createFileFailsWhenIncorrectRecordId" classname="FileUtilitiesTest" time="0.48">
        </testcase>
        <testcase name="createFileSucceedsWhenCorrectInput" classname="FileUtilitiesTest" time="0.34">
        </testcase>
    </testsuite>
</testsuites>
